{
  "RSpec": {
    "coverage": {
      "/Users/apprentice/Cat-level-too-deep/config/environment.rb": [
        null,
        1,
        null,
        null,
        1
      ],
      "/Users/apprentice/Cat-level-too-deep/config/application.rb": [
        1,
        null,
        1,
        null,
        1,
        1,
        1,
        1,
        1,
        1,
        1,
        null,
        null,
        null,
        null,
        1,
        null,
        1,
        1,
        null,
        null,
        null,
        null,
        null,
        null,
        null,
        null,
        null,
        null,
        null,
        null,
        null,
        1,
        null,
        null
      ],
      "/Users/apprentice/Cat-level-too-deep/config/boot.rb": [
        1,
        null,
        1
      ],
      "/Users/apprentice/Cat-level-too-deep/config/environments/test.rb": [
        1,
        null,
        null,
        null,
        null,
        null,
        null,
        1,
        null,
        null,
        null,
        null,
        1,
        null,
        null,
        1,
        1,
        null,
        null,
        1,
        1,
        null,
        null,
        1,
        null,
        null,
        1,
        null,
        null,
        null,
        null,
        1,
        null,
        null,
        1,
        null,
        null,
        1,
        null,
        null,
        null,
        null
      ],
      "/Users/apprentice/Cat-level-too-deep/config/initializers/assets.rb": [
        null,
        null,
        null,
        1,
        null,
        null,
        null,
        null,
        null,
        null,
        null
      ],
      "/Users/apprentice/Cat-level-too-deep/config/initializers/backtrace_silencers.rb": [
        null,
        null,
        null,
        null,
        null,
        null,
        null
      ],
      "/Users/apprentice/Cat-level-too-deep/config/initializers/cookies_serializer.rb": [
        null,
        null,
        1
      ],
      "/Users/apprentice/Cat-level-too-deep/config/initializers/filter_parameter_logging.rb": [
        null,
        null,
        null,
        1
      ],
      "/Users/apprentice/Cat-level-too-deep/config/initializers/inflections.rb": [
        null,
        null,
        null,
        null,
        null,
        null,
        null,
        null,
        null,
        null,
        null,
        null,
        null,
        null,
        null,
        null
      ],
      "/Users/apprentice/Cat-level-too-deep/config/initializers/mime_types.rb": [
        null,
        null,
        null,
        null
      ],
      "/Users/apprentice/Cat-level-too-deep/config/initializers/session_store.rb": [
        null,
        null,
        1
      ],
      "/Users/apprentice/Cat-level-too-deep/config/initializers/wrap_parameters.rb": [
        null,
        null,
        null,
        null,
        null,
        null,
        1,
        1,
        null,
        null,
        null,
        null,
        null,
        null
      ],
      "/Users/apprentice/Cat-level-too-deep/spec/factories/answers.rb": [
        1,
        1,
        1,
        1,
        9,
        null,
        null
      ],
      "/Users/apprentice/Cat-level-too-deep/spec/factories/comments.rb": [
        1,
        1,
        1,
        3,
        3,
        3,
        null,
        null,
        1,
        1,
        3,
        3,
        3,
        null,
        null
      ],
      "/Users/apprentice/Cat-level-too-deep/spec/factories/question_tags.rb": [
        1,
        1,
        null,
        null
      ],
      "/Users/apprentice/Cat-level-too-deep/spec/factories/questions.rb": [
        1,
        1,
        19,
        21,
        21,
        null,
        null
      ],
      "/Users/apprentice/Cat-level-too-deep/spec/factories/tags.rb": [
        1,
        1,
        1,
        null,
        null
      ],
      "/Users/apprentice/Cat-level-too-deep/spec/factories/users.rb": [
        1,
        1,
        46,
        46,
        46,
        null,
        null
      ],
      "/Users/apprentice/Cat-level-too-deep/spec/factories/votes.rb": [
        1,
        1,
        null,
        null
      ],
      "/Users/apprentice/Cat-level-too-deep/config/routes.rb": [
        1,
        1,
        1,
        1,
        1,
        null,
        1,
        1,
        1,
        1,
        1,
        null,
        1,
        1,
        1,
        1,
        1,
        1,
        1,
        null,
        null,
        null,
        null,
        null,
        null,
        null,
        null,
        null,
        null,
        null,
        null,
        null,
        null,
        null,
        null,
        null,
        null,
        null,
        null,
        null,
        null,
        null,
        null,
        null,
        null,
        null,
        null,
        null,
        null,
        null,
        null,
        null,
        null,
        null,
        null,
        null,
        null,
        null,
        null,
        null,
        null,
        null,
        null,
        null,
        null,
        null,
        null,
        null,
        null,
        null,
        null,
        null,
        null,
        null,
        null,
        null,
        null
      ],
      "/Users/apprentice/Cat-level-too-deep/app/helpers/application_helper.rb": [
        1,
        null
      ],
      "/Users/apprentice/Cat-level-too-deep/spec/support/authentication_helpers.rb": [
        1,
        1,
        13,
        null,
        null,
        1,
        0,
        null,
        null
      ],
      "/Users/apprentice/Cat-level-too-deep/app/controllers/answers_controller.rb": [
        1,
        1,
        6,
        6,
        6,
        6,
        4,
        null,
        2,
        2,
        null,
        null,
        null,
        1,
        null,
        1,
        6,
        6,
        null,
        null
      ],
      "/Users/apprentice/Cat-level-too-deep/app/controllers/application_controller.rb": [
        1,
        1,
        null,
        1,
        null,
        1,
        0,
        null,
        null,
        1,
        12,
        null,
        null,
        1,
        0,
        null,
        null,
        1,
        0,
        null,
        null,
        null,
        1,
        0,
        0,
        0,
        null,
        null,
        1,
        0,
        0,
        0,
        null,
        null,
        null,
        null
      ],
      "/Users/apprentice/Cat-level-too-deep/spec/controllers/comments_controller_spec.rb": [
        1,
        1,
        null,
        1,
        null,
        3,
        3,
        null,
        1,
        5,
        null,
        null,
        1,
        1,
        1,
        1,
        null,
        1,
        1,
        1,
        null,
        1,
        1,
        1,
        null,
        1,
        1,
        1,
        null,
        1,
        1,
        1,
        1,
        1,
        null,
        null,
        null
      ],
      "/Users/apprentice/Cat-level-too-deep/app/controllers/comments_controller.rb": [
        1,
        null,
        1,
        5,
        5,
        5,
        2,
        3,
        2,
        null,
        1,
        1,
        null,
        null,
        null,
        1,
        null,
        1,
        5,
        5,
        null,
        null,
        null
      ],
      "/Users/apprentice/Cat-level-too-deep/spec/controllers/questions_controller_spec.rb": [
        1,
        null,
        1,
        null,
        1,
        1,
        1,
        1,
        null,
        1,
        1,
        1,
        null,
        null,
        null,
        1,
        1,
        1,
        1,
        null,
        1,
        1,
        1,
        null,
        null,
        null,
        4,
        null,
        1,
        1,
        1,
        1,
        null,
        1,
        1,
        1,
        null,
        null,
        null,
        1,
        1,
        1,
        1,
        1,
        null,
        null,
        null,
        null,
        null
      ],
      "/Users/apprentice/Cat-level-too-deep/app/controllers/questions_controller.rb": [
        1,
        1,
        2,
        2,
        2,
        null,
        null,
        1,
        2,
        2,
        null,
        null,
        1,
        0,
        0,
        0,
        null,
        null,
        1,
        0,
        0,
        0,
        null,
        null,
        1,
        2,
        2,
        2,
        2,
        2,
        null,
        0,
        null,
        null,
        null,
        1,
        1,
        0,
        0,
        0,
        null,
        null,
        1,
        1,
        0,
        0,
        0,
        null,
        null,
        1,
        1,
        null,
        0,
        0,
        null,
        null,
        null,
        null,
        1,
        null,
        1,
        null,
        1,
        null,
        null
      ],
      "/Users/apprentice/Cat-level-too-deep/spec/controllers/session_controller_spec.rb": [
        1,
        1,
        null,
        1,
        null,
        1,
        1,
        1,
        1,
        null,
        1,
        1,
        1,
        null,
        null,
        null,
        1,
        2,
        4,
        null,
        1,
        1,
        1,
        null,
        1,
        1,
        1,
        null,
        null,
        1,
        1,
        1,
        1,
        null,
        1,
        1,
        1,
        1,
        null,
        null,
        null,
        1,
        1,
        1,
        null,
        null,
        1,
        1,
        1,
        null,
        null,
        1,
        1,
        1,
        null,
        null,
        1,
        null,
        3,
        null,
        1,
        1,
        1,
        1,
        null,
        null,
        1,
        1,
        1,
        1,
        null,
        null,
        null,
        null
      ],
      "/Users/apprentice/Cat-level-too-deep/app/controllers/sessions_controller.rb": [
        1,
        1,
        2,
        2,
        null,
        null,
        1,
        2,
        null,
        null,
        1,
        9,
        9,
        9,
        9,
        5,
        5,
        5,
        null,
        4,
        4,
        null,
        null,
        null
      ],
      "/Users/apprentice/Cat-level-too-deep/spec/models/answer_spec.rb": [
        1,
        null,
        1,
        1,
        null
      ],
      "/Users/apprentice/Cat-level-too-deep/app/models/answer.rb": [
        1,
        1,
        1,
        1,
        1,
        null,
        1,
        null,
        null
      ],
      "/Users/apprentice/Cat-level-too-deep/spec/models/comment_spec.rb": [
        1,
        null,
        1,
        1,
        null
      ],
      "/Users/apprentice/Cat-level-too-deep/app/models/comment.rb": [
        1,
        1,
        1,
        null,
        1,
        null
      ],
      "/Users/apprentice/Cat-level-too-deep/spec/models/question_spec.rb": [
        1,
        null,
        1,
        1,
        null
      ],
      "/Users/apprentice/Cat-level-too-deep/app/models/question.rb": [
        1,
        1,
        1,
        1,
        1,
        1,
        1,
        null,
        1,
        1,
        1,
        null
      ],
      "/Users/apprentice/Cat-level-too-deep/spec/models/question_tag_spec.rb": [
        1,
        null,
        1,
        1,
        null
      ],
      "/Users/apprentice/Cat-level-too-deep/app/models/question_tag.rb": [
        1,
        1,
        1,
        null
      ],
      "/Users/apprentice/Cat-level-too-deep/spec/models/tag_spec.rb": [
        1,
        null,
        1,
        1,
        null
      ],
      "/Users/apprentice/Cat-level-too-deep/app/models/tag.rb": [
        1,
        1,
        1,
        null
      ],
      "/Users/apprentice/Cat-level-too-deep/spec/models/user_spec.rb": [
        1,
        null,
        1,
        1,
        null
      ],
      "/Users/apprentice/Cat-level-too-deep/app/models/user.rb": [
        1,
        1,
        1,
        1,
        null,
        1,
        null,
        1,
        1,
        null
      ],
      "/Users/apprentice/Cat-level-too-deep/spec/models/vote_spec.rb": [
        1,
        null,
        1,
        1,
        null
      ],
      "/Users/apprentice/Cat-level-too-deep/app/models/vote.rb": [
        1,
        1,
        1,
        null
      ]
    },
    "timestamp": 1447628666
  }
}
